#
# There is insufficient memory for the Java Runtime Environment to continue.
# Native memory allocation (malloc) failed to allocate 262656 bytes for Chunk::new
# Possible reasons:
#   The system is out of physical RAM or swap space
#   The process is running with CompressedOops enabled, and the Java Heap may be blocking the growth of the native heap
# Possible solutions:
#   Reduce memory load on the system
#   Increase physical memory or swap space
#   Check if swap backing store is full
#   Decrease Java heap size (-Xmx/-Xms)
#   Decrease number of Java threads
#   Decrease Java thread stack sizes (-Xss)
#   Set larger code cache with -XX:ReservedCodeCacheSize=
#   JVM is running with Unscaled Compressed Oops mode in which the Java heap is
#     placed in the first 4GB address space. The Java Heap base address is the
#     maximum limit for the native heap growth. Please use -XX:HeapBaseMinAddress
#     to set the Java Heap base and to place the Java Heap above 4GB virtual address.
# This output file may be truncated or incomplete.
#
#  Out of Memory Error (arena.cpp:168), pid=12416, tid=8912
#
# JRE version: OpenJDK Runtime Environment Temurin-21.0.2+13 (21.0.2+13) (build 21.0.2+13-LTS)
# Java VM: OpenJDK 64-Bit Server VM Temurin-21.0.2+13 (21.0.2+13-LTS, mixed mode, sharing, tiered, compressed oops, compressed class ptrs, g1 gc, windows-amd64)
# No core dump will be written. Minidumps are not enabled by default on client versions of Windows
#

---------------  S U M M A R Y ------------

Command Line: --enable-preview -XX:+ShowCodeDetailsInExceptionMessages Main

Host: AMD Ryzen 5 6600H with Radeon Graphics         , 12 cores, 7G,  Windows 11 , 64 bit Build 22621 (10.0.22621.3374)
Time: Fri Mar 29 21:04:45 2024 SE Asia Standard Time elapsed time: 47.251636 seconds (0d 0h 0m 47s)

---------------  T H R E A D  ---------------

Current thread (0x000001c100825800):  JavaThread "C2 CompilerThread0" daemon [_thread_in_native, id=8912, stack(0x00000040ffd00000,0x00000040ffe00000) (1024K)]


Current CompileTask:
C2:  47251 2606       4       java.util.concurrent.locks.AbstractQueuedSynchronizer$ConditionObject::awaitNanos (207 bytes)

Stack: [0x00000040ffd00000,0x00000040ffe00000]
Native frames: (J=compiled Java code, j=interpreted, Vv=VM code, C=native code)
V  [jvm.dll+0x6c94f9]
V  [jvm.dll+0x8a3c21]
V  [jvm.dll+0x8a614e]
V  [jvm.dll+0x8a6823]
V  [jvm.dll+0x27fa86]
V  [jvm.dll+0xc4a2d]
V  [jvm.dll+0xc4f63]
V  [jvm.dll+0x2f278f]
V  [jvm.dll+0x5f2c9a]
V  [jvm.dll+0x25112f]
V  [jvm.dll+0x249ac6]
V  [jvm.dll+0x24747b]
V  [jvm.dll+0x1c847e]
V  [jvm.dll+0x256db9]
V  [jvm.dll+0x25538a]
V  [jvm.dll+0x3ed0d6]
V  [jvm.dll+0x84cb3b]
V  [jvm.dll+0x6c7c2d]
C  [ucrtbase.dll+0x29333]
C  [KERNEL32.DLL+0x1257d]
C  [ntdll.dll+0x5aa48]


---------------  P R O C E S S  ---------------

Threads class SMR info:
_java_thread_list=0x000001c155229bf0, length=17, elements={
0x000001c10080d2c0, 0x000001c1008103a0, 0x000001c100812910, 0x000001c100816920,
0x000001c100817660, 0x000001c100820430, 0x000001c100825800, 0x000001c100828470,
0x000001c100acf540, 0x000001c100ad1610, 0x000001c100acfbd0, 0x000001c100ad0260,
0x000001c100ad0f80, 0x000001c100ace820, 0x000001c100aceeb0, 0x000001c155337040,
0x000001c1553376d0
}

Java Threads: ( => current thread )
  0x000001c10080d2c0 JavaThread "Reference Handler"          daemon [_thread_blocked, id=1772, stack(0x00000040ff700000,0x00000040ff800000) (1024K)]
  0x000001c1008103a0 JavaThread "Finalizer"                  daemon [_thread_blocked, id=18616, stack(0x00000040ff800000,0x00000040ff900000) (1024K)]
  0x000001c100812910 JavaThread "Signal Dispatcher"          daemon [_thread_blocked, id=21328, stack(0x00000040ff900000,0x00000040ffa00000) (1024K)]
  0x000001c100816920 JavaThread "Attach Listener"            daemon [_thread_blocked, id=20228, stack(0x00000040ffa00000,0x00000040ffb00000) (1024K)]
  0x000001c100817660 JavaThread "Service Thread"             daemon [_thread_blocked, id=10104, stack(0x00000040ffb00000,0x00000040ffc00000) (1024K)]
  0x000001c100820430 JavaThread "Monitor Deflation Thread"   daemon [_thread_blocked, id=21432, stack(0x00000040ffc00000,0x00000040ffd00000) (1024K)]
=>0x000001c100825800 JavaThread "C2 CompilerThread0"         daemon [_thread_in_native, id=8912, stack(0x00000040ffd00000,0x00000040ffe00000) (1024K)]
  0x000001c100828470 JavaThread "C1 CompilerThread0"         daemon [_thread_blocked, id=17680, stack(0x00000040ffe00000,0x00000040fff00000) (1024K)]
  0x000001c100acf540 JavaThread "Notification Thread"        daemon [_thread_blocked, id=2496, stack(0x00000040fff00000,0x0000004100000000) (1024K)]
  0x000001c100ad1610 JavaThread "Common-Cleaner"             daemon [_thread_blocked, id=21772, stack(0x0000004080000000,0x0000004080100000) (1024K)]
  0x000001c100acfbd0 JavaThread "Java2D Disposer"            daemon [_thread_blocked, id=20108, stack(0x0000004080100000,0x0000004080200000) (1024K)]
  0x000001c100ad0260 JavaThread "AWT-Windows"                daemon [_thread_in_native, id=16032, stack(0x0000004080300000,0x0000004080400000) (1024K)]
  0x000001c100ad0f80 JavaThread "TimerQueue"                 daemon [_thread_blocked, id=21956, stack(0x0000004081c00000,0x0000004081d00000) (1024K)]
  0x000001c100ace820 JavaThread "AWT-Shutdown"                      [_thread_blocked, id=17012, stack(0x0000004081d00000,0x0000004081e00000) (1024K)]
  0x000001c100aceeb0 JavaThread "AWT-EventQueue-0"                  [_thread_blocked, id=11280, stack(0x0000004081e00000,0x0000004081f00000) (1024K)]
  0x000001c155337040 JavaThread "DestroyJavaVM"                     [_thread_blocked, id=6032, stack(0x00000040fef00000,0x00000040ff000000) (1024K)]
  0x000001c1553376d0 JavaThread "D3D Screen Updater"         daemon [_thread_in_native, id=18384, stack(0x0000004081f00000,0x0000004082000000) (1024K)]
Total: 17

Other Threads:
  0x000001c16190a8c0 VMThread "VM Thread"                           [id=23368, stack(0x00000040ff600000,0x00000040ff700000) (1024K)]
  0x000001c1007d6e20 WatcherThread "VM Periodic Task Thread"        [id=17160, stack(0x00000040ff500000,0x00000040ff600000) (1024K)]
  0x000001c16190b740 WorkerThread "GC Thread#0"                     [id=20204, stack(0x00000040ff000000,0x00000040ff100000) (1024K)]
  0x000001c16190b3a0 WorkerThread "GC Thread#1"                     [id=16044, stack(0x0000004081300000,0x0000004081400000) (1024K)]
  0x000001c154a79680 WorkerThread "GC Thread#2"                     [id=20988, stack(0x0000004081400000,0x0000004081500000) (1024K)]
  0x000001c154a78f40 WorkerThread "GC Thread#3"                     [id=8000, stack(0x0000004081500000,0x0000004081600000) (1024K)]
  0x000001c154a7be60 WorkerThread "GC Thread#4"                     [id=1520, stack(0x0000004081600000,0x0000004081700000) (1024K)]
  0x000001c154a78ba0 WorkerThread "GC Thread#5"                     [id=3612, stack(0x0000004081700000,0x0000004081800000) (1024K)]
  0x000001c154a7c200 WorkerThread "GC Thread#6"                     [id=21024, stack(0x0000004081800000,0x0000004081900000) (1024K)]
  0x000001c154a7b380 WorkerThread "GC Thread#7"                     [id=17704, stack(0x0000004081900000,0x0000004081a00000) (1024K)]
  0x000001c154a79a20 WorkerThread "GC Thread#8"                     [id=18292, stack(0x0000004081a00000,0x0000004081b00000) (1024K)]
  0x000001c154a78800 WorkerThread "GC Thread#9"                     [id=12100, stack(0x0000004082000000,0x0000004082100000) (1024K)]
  0x000001c161c2a140 ConcurrentGCThread "G1 Main Marker"            [id=14632, stack(0x00000040ff100000,0x00000040ff200000) (1024K)]
  0x000001c16190be80 WorkerThread "G1 Conc#0"                       [id=8564, stack(0x00000040ff200000,0x00000040ff300000) (1024K)]
  0x000001c154a7bac0 WorkerThread "G1 Conc#1"                       [id=14452, stack(0x0000004080200000,0x0000004080300000) (1024K)]
  0x000001c154a792e0 WorkerThread "G1 Conc#2"                       [id=1856, stack(0x0000004081b00000,0x0000004081c00000) (1024K)]
  0x000001c161c8e430 ConcurrentGCThread "G1 Refine#0"               [id=1728, stack(0x00000040ff300000,0x00000040ff400000) (1024K)]
  0x000001c1006ae130 ConcurrentGCThread "G1 Service"                [id=22288, stack(0x00000040ff400000,0x00000040ff500000) (1024K)]
Total: 18

Threads with active compile tasks:
C2 CompilerThread0    47301 2606       4       java.util.concurrent.locks.AbstractQueuedSynchronizer$ConditionObject::awaitNanos (207 bytes)
Total: 1

VM state: not at safepoint (normal execution)

VM Mutex/Monitor currently owned by a thread: None

Heap address: 0x000000008ce00000, size: 1842 MB, Compressed Oops mode: 32-bit

CDS archive(s) mapped at: [0x000001c101000000-0x000001c101c90000-0x000001c101c90000), size 13172736, SharedBaseAddress: 0x000001c101000000, ArchiveRelocationMode: 1.
Compressed class space mapped at: 0x000001c102000000-0x000001c142000000, reserved size: 1073741824
Narrow klass base: 0x000001c101000000, Narrow klass shift: 0, Narrow klass range: 0x100000000

GC Precious Log:
 CardTable entry size: 512
 Card Set container configuration: InlinePtr #cards 5 size 8 Array Of Cards #cards 12 size 40 Howl #buckets 4 coarsen threshold 1843 Howl Bitmap #cards 512 size 80 coarsen threshold 460 Card regions per heap region 1 cards per card region 2048
 CPUs: 12 total, 12 available
 Memory: 7365M
 Large Page Support: Disabled
 NUMA Support: Disabled
 Compressed Oops: Enabled (32-bit)
 Heap Region Size: 1M
 Heap Min Capacity: 8M
 Heap Initial Capacity: 116M
 Heap Max Capacity: 1842M
 Pre-touch: Disabled
 Parallel Workers: 10
 Concurrent Workers: 3
 Concurrent Refinement Workers: 10
 Periodic GC: Disabled

Heap:
 garbage-first heap   total 223232K, used 148278K [0x000000008ce00000, 0x0000000100000000)
  region size 1024K, 83 young (84992K), 2 survivors (2048K)
 Metaspace       used 9301K, committed 9472K, reserved 1114112K
  class space    used 951K, committed 1024K, reserved 1048576K

Heap Regions: E=young(eden), S=young(survivor), O=old, HS=humongous(starts), HC=humongous(continues), CS=collection set, F=free, TAMS=top-at-mark-start, PB=parsable bottom
|   0|0x000000008ce00000, 0x000000008cf00000, 0x000000008cf00000|100%|HS|  |TAMS 0x000000008ce00000| PB 0x000000008ce00000| Complete 
|   1|0x000000008cf00000, 0x000000008d000000, 0x000000008d000000|100%|HC|  |TAMS 0x000000008cf00000| PB 0x000000008cf00000| Complete 
|   2|0x000000008d000000, 0x000000008d100000, 0x000000008d100000|100%|HC|  |TAMS 0x000000008d000000| PB 0x000000008d000000| Complete 
|   3|0x000000008d100000, 0x000000008d200000, 0x000000008d200000|100%|HC|  |TAMS 0x000000008d100000| PB 0x000000008d100000| Complete 
|   4|0x000000008d200000, 0x000000008d300000, 0x000000008d300000|100%|HC|  |TAMS 0x000000008d200000| PB 0x000000008d200000| Complete 
|   5|0x000000008d300000, 0x000000008d400000, 0x000000008d400000|100%|HC|  |TAMS 0x000000008d300000| PB 0x000000008d300000| Complete 
|   6|0x000000008d400000, 0x000000008d500000, 0x000000008d500000|100%|HS|  |TAMS 0x000000008d400000| PB 0x000000008d400000| Complete 
|   7|0x000000008d500000, 0x000000008d600000, 0x000000008d600000|100%|HS|  |TAMS 0x000000008d500000| PB 0x000000008d500000| Complete 
|   8|0x000000008d600000, 0x000000008d700000, 0x000000008d700000|100%|HS|  |TAMS 0x000000008d600000| PB 0x000000008d600000| Complete 
|   9|0x000000008d700000, 0x000000008d800000, 0x000000008d800000|100%|HC|  |TAMS 0x000000008d700000| PB 0x000000008d700000| Complete 
|  10|0x000000008d800000, 0x000000008d900000, 0x000000008d900000|100%|HS|  |TAMS 0x000000008d800000| PB 0x000000008d800000| Complete 
|  11|0x000000008d900000, 0x000000008da00000, 0x000000008da00000|100%|HC|  |TAMS 0x000000008d900000| PB 0x000000008d900000| Complete 
|  12|0x000000008da00000, 0x000000008db00000, 0x000000008db00000|100%|HC|  |TAMS 0x000000008da00000| PB 0x000000008da00000| Complete 
|  13|0x000000008db00000, 0x000000008dc00000, 0x000000008dc00000|100%|HC|  |TAMS 0x000000008db00000| PB 0x000000008db00000| Complete 
|  14|0x000000008dc00000, 0x000000008dd00000, 0x000000008dd00000|100%|HC|  |TAMS 0x000000008dc00000| PB 0x000000008dc00000| Complete 
|  15|0x000000008dd00000, 0x000000008de00000, 0x000000008de00000|100%|HC|  |TAMS 0x000000008dd00000| PB 0x000000008dd00000| Complete 
|  16|0x000000008de00000, 0x000000008df00000, 0x000000008df00000|100%|HC|  |TAMS 0x000000008de00000| PB 0x000000008de00000| Complete 
|  17|0x000000008df00000, 0x000000008e000000, 0x000000008e000000|100%|HC|  |TAMS 0x000000008df00000| PB 0x000000008df00000| Complete 
|  18|0x000000008e000000, 0x000000008e100000, 0x000000008e100000|100%|HC|  |TAMS 0x000000008e000000| PB 0x000000008e000000| Complete 
|  19|0x000000008e100000, 0x000000008e200000, 0x000000008e200000|100%|HS|  |TAMS 0x000000008e100000| PB 0x000000008e100000| Complete 
|  20|0x000000008e200000, 0x000000008e300000, 0x000000008e300000|100%|HC|  |TAMS 0x000000008e200000| PB 0x000000008e200000| Complete 
|  21|0x000000008e300000, 0x000000008e400000, 0x000000008e400000|100%|HC|  |TAMS 0x000000008e300000| PB 0x000000008e300000| Complete 
|  22|0x000000008e400000, 0x000000008e500000, 0x000000008e500000|100%|HC|  |TAMS 0x000000008e400000| PB 0x000000008e400000| Complete 
|  23|0x000000008e500000, 0x000000008e600000, 0x000000008e600000|100%|HC|  |TAMS 0x000000008e500000| PB 0x000000008e500000| Complete 
|  24|0x000000008e600000, 0x000000008e700000, 0x000000008e700000|100%|HC|  |TAMS 0x000000008e600000| PB 0x000000008e600000| Complete 
|  25|0x000000008e700000, 0x000000008e800000, 0x000000008e800000|100%|HC|  |TAMS 0x000000008e700000| PB 0x000000008e700000| Complete 
|  26|0x000000008e800000, 0x000000008e900000, 0x000000008e900000|100%|HC|  |TAMS 0x000000008e800000| PB 0x000000008e800000| Complete 
|  27|0x000000008e900000, 0x000000008ea00000, 0x000000008ea00000|100%|HC|  |TAMS 0x000000008e900000| PB 0x000000008e900000| Complete 
|  28|0x000000008ea00000, 0x000000008eb00000, 0x000000008eb00000|100%|HS|  |TAMS 0x000000008ea00000| PB 0x000000008ea00000| Complete 
|  29|0x000000008eb00000, 0x000000008ec00000, 0x000000008ec00000|100%|HC|  |TAMS 0x000000008eb00000| PB 0x000000008eb00000| Complete 
|  30|0x000000008ec00000, 0x000000008ed00000, 0x000000008ed00000|100%|HC|  |TAMS 0x000000008ec00000| PB 0x000000008ec00000| Complete 
|  31|0x000000008ed00000, 0x000000008ee00000, 0x000000008ee00000|100%|HC|  |TAMS 0x000000008ed00000| PB 0x000000008ed00000| Complete 
|  32|0x000000008ee00000, 0x000000008ef00000, 0x000000008ef00000|100%|HS|  |TAMS 0x000000008ee00000| PB 0x000000008ee00000| Complete 
|  33|0x000000008ef00000, 0x000000008f000000, 0x000000008f000000|100%|HC|  |TAMS 0x000000008ef00000| PB 0x000000008ef00000| Complete 
|  34|0x000000008f000000, 0x000000008f100000, 0x000000008f100000|100%|HC|  |TAMS 0x000000008f000000| PB 0x000000008f000000| Complete 
|  35|0x000000008f100000, 0x000000008f200000, 0x000000008f200000|100%|HC|  |TAMS 0x000000008f100000| PB 0x000000008f100000| Complete 
|  36|0x000000008f200000, 0x000000008f300000, 0x000000008f300000|100%|HS|  |TAMS 0x000000008f200000| PB 0x000000008f200000| Complete 
|  37|0x000000008f300000, 0x000000008f400000, 0x000000008f400000|100%|HC|  |TAMS 0x000000008f300000| PB 0x000000008f300000| Complete 
|  38|0x000000008f400000, 0x000000008f500000, 0x000000008f500000|100%|HC|  |TAMS 0x000000008f400000| PB 0x000000008f400000| Complete 
|  39|0x000000008f500000, 0x000000008f600000, 0x000000008f600000|100%|HS|  |TAMS 0x000000008f500000| PB 0x000000008f500000| Complete 
|  40|0x000000008f600000, 0x000000008f700000, 0x000000008f700000|100%|HC|  |TAMS 0x000000008f600000| PB 0x000000008f600000| Complete 
|  41|0x000000008f700000, 0x000000008f800000, 0x000000008f800000|100%|HC|  |TAMS 0x000000008f700000| PB 0x000000008f700000| Complete 
|  42|0x000000008f800000, 0x000000008f900000, 0x000000008f900000|100%|HC|  |TAMS 0x000000008f800000| PB 0x000000008f800000| Complete 
|  43|0x000000008f900000, 0x000000008fa00000, 0x000000008fa00000|100%|HS|  |TAMS 0x000000008f900000| PB 0x000000008f900000| Complete 
|  44|0x000000008fa00000, 0x000000008fb00000, 0x000000008fb00000|100%|HC|  |TAMS 0x000000008fa00000| PB 0x000000008fa00000| Complete 
|  45|0x000000008fb00000, 0x000000008fc00000, 0x000000008fc00000|100%|HC|  |TAMS 0x000000008fb00000| PB 0x000000008fb00000| Complete 
|  46|0x000000008fc00000, 0x000000008fd00000, 0x000000008fd00000|100%|HC|  |TAMS 0x000000008fc00000| PB 0x000000008fc00000| Complete 
|  47|0x000000008fd00000, 0x000000008fe00000, 0x000000008fe00000|100%|HS|  |TAMS 0x000000008fd00000| PB 0x000000008fd00000| Complete 
|  48|0x000000008fe00000, 0x000000008ff00000, 0x000000008ff00000|100%|HC|  |TAMS 0x000000008fe00000| PB 0x000000008fe00000| Complete 
|  49|0x000000008ff00000, 0x0000000090000000, 0x0000000090000000|100%|HC|  |TAMS 0x000000008ff00000| PB 0x000000008ff00000| Complete 
|  50|0x0000000090000000, 0x0000000090100000, 0x0000000090100000|100%|HS|  |TAMS 0x0000000090000000| PB 0x0000000090000000| Complete 
|  51|0x0000000090100000, 0x0000000090200000, 0x0000000090200000|100%|HS|  |TAMS 0x0000000090100000| PB 0x0000000090100000| Complete 
|  52|0x0000000090200000, 0x0000000090300000, 0x0000000090300000|100%| O|  |TAMS 0x0000000090200000| PB 0x0000000090200000| Untracked 
|  53|0x0000000090300000, 0x0000000090400000, 0x0000000090400000|100%| O|  |TAMS 0x0000000090300000| PB 0x0000000090300000| Untracked 
|  54|0x0000000090400000, 0x00000000904bd710, 0x0000000090500000| 74%| O|  |TAMS 0x0000000090400000| PB 0x0000000090400000| Untracked 
|  55|0x0000000090500000, 0x0000000090600000, 0x0000000090600000|100%|HS|  |TAMS 0x0000000090500000| PB 0x0000000090500000| Complete 
|  56|0x0000000090600000, 0x0000000090700000, 0x0000000090700000|100%|HC|  |TAMS 0x0000000090600000| PB 0x0000000090600000| Complete 
|  57|0x0000000090700000, 0x0000000090800000, 0x0000000090800000|100%|HC|  |TAMS 0x0000000090700000| PB 0x0000000090700000| Complete 
|  58|0x0000000090800000, 0x0000000090900000, 0x0000000090900000|100%|HC|  |TAMS 0x0000000090800000| PB 0x0000000090800000| Complete 
|  59|0x0000000090900000, 0x0000000090a00000, 0x0000000090a00000|100%|HC|  |TAMS 0x0000000090900000| PB 0x0000000090900000| Complete 
|  60|0x0000000090a00000, 0x0000000090b00000, 0x0000000090b00000|100%|HC|  |TAMS 0x0000000090a00000| PB 0x0000000090a00000| Complete 
|  61|0x0000000090b00000, 0x0000000090c00000, 0x0000000090c00000|100%|HS|  |TAMS 0x0000000090b00000| PB 0x0000000090b00000| Complete 
|  62|0x0000000090c00000, 0x0000000090d00000, 0x0000000090d00000|100%|HS|  |TAMS 0x0000000090c00000| PB 0x0000000090c00000| Complete 
|  63|0x0000000090d00000, 0x0000000090e00000, 0x0000000090e00000|100%|HS|  |TAMS 0x0000000090d00000| PB 0x0000000090d00000| Complete 
|  64|0x0000000090e00000, 0x0000000090f00000, 0x0000000090f00000|100%|HS|  |TAMS 0x0000000090e00000| PB 0x0000000090e00000| Complete 
|  65|0x0000000090f00000, 0x0000000090f00000, 0x0000000091000000|  0%| F|  |TAMS 0x0000000090f00000| PB 0x0000000090f00000| Untracked 
|  66|0x0000000091000000, 0x0000000091000000, 0x0000000091100000|  0%| F|  |TAMS 0x0000000091000000| PB 0x0000000091000000| Untracked 
|  67|0x0000000091100000, 0x0000000091100000, 0x0000000091200000|  0%| F|  |TAMS 0x0000000091100000| PB 0x0000000091100000| Untracked 
|  68|0x0000000091200000, 0x0000000091200000, 0x0000000091300000|  0%| F|  |TAMS 0x0000000091200000| PB 0x0000000091200000| Untracked 
|  69|0x0000000091300000, 0x0000000091300000, 0x0000000091400000|  0%| F|  |TAMS 0x0000000091300000| PB 0x0000000091300000| Untracked 
|  70|0x0000000091400000, 0x0000000091400000, 0x0000000091500000|  0%| F|  |TAMS 0x0000000091400000| PB 0x0000000091400000| Untracked 
|  71|0x0000000091500000, 0x0000000091500000, 0x0000000091600000|  0%| F|  |TAMS 0x0000000091500000| PB 0x0000000091500000| Untracked 
|  72|0x0000000091600000, 0x0000000091600000, 0x0000000091700000|  0%| F|  |TAMS 0x0000000091600000| PB 0x0000000091600000| Untracked 
|  73|0x0000000091700000, 0x0000000091700000, 0x0000000091800000|  0%| F|  |TAMS 0x0000000091700000| PB 0x0000000091700000| Untracked 
|  74|0x0000000091800000, 0x0000000091800000, 0x0000000091900000|  0%| F|  |TAMS 0x0000000091800000| PB 0x0000000091800000| Untracked 
|  75|0x0000000091900000, 0x0000000091900000, 0x0000000091a00000|  0%| F|  |TAMS 0x0000000091900000| PB 0x0000000091900000| Untracked 
|  76|0x0000000091a00000, 0x0000000091a00000, 0x0000000091b00000|  0%| F|  |TAMS 0x0000000091a00000| PB 0x0000000091a00000| Untracked 
|  77|0x0000000091b00000, 0x0000000091b00000, 0x0000000091c00000|  0%| F|  |TAMS 0x0000000091b00000| PB 0x0000000091b00000| Untracked 
|  78|0x0000000091c00000, 0x0000000091c00000, 0x0000000091d00000|  0%| F|  |TAMS 0x0000000091c00000| PB 0x0000000091c00000| Untracked 
|  79|0x0000000091d00000, 0x0000000091d00000, 0x0000000091e00000|  0%| F|  |TAMS 0x0000000091d00000| PB 0x0000000091d00000| Untracked 
|  80|0x0000000091e00000, 0x0000000091e00000, 0x0000000091f00000|  0%| F|  |TAMS 0x0000000091e00000| PB 0x0000000091e00000| Untracked 
|  81|0x0000000091f00000, 0x0000000091f00000, 0x0000000092000000|  0%| F|  |TAMS 0x0000000091f00000| PB 0x0000000091f00000| Untracked 
|  82|0x0000000092000000, 0x0000000092000000, 0x0000000092100000|  0%| F|  |TAMS 0x0000000092000000| PB 0x0000000092000000| Untracked 
|  83|0x0000000092100000, 0x0000000092100000, 0x0000000092200000|  0%| F|  |TAMS 0x0000000092100000| PB 0x0000000092100000| Untracked 
|  84|0x0000000092200000, 0x0000000092200000, 0x0000000092300000|  0%| F|  |TAMS 0x0000000092200000| PB 0x0000000092200000| Untracked 
|  85|0x0000000092300000, 0x0000000092300000, 0x0000000092400000|  0%| F|  |TAMS 0x0000000092300000| PB 0x0000000092300000| Untracked 
|  86|0x0000000092400000, 0x0000000092400000, 0x0000000092500000|  0%| F|  |TAMS 0x0000000092400000| PB 0x0000000092400000| Untracked 
|  87|0x0000000092500000, 0x0000000092500000, 0x0000000092600000|  0%| F|  |TAMS 0x0000000092500000| PB 0x0000000092500000| Untracked 
|  88|0x0000000092600000, 0x0000000092600000, 0x0000000092700000|  0%| F|  |TAMS 0x0000000092600000| PB 0x0000000092600000| Untracked 
|  89|0x0000000092700000, 0x0000000092700000, 0x0000000092800000|  0%| F|  |TAMS 0x0000000092700000| PB 0x0000000092700000| Untracked 
|  90|0x0000000092800000, 0x0000000092800000, 0x0000000092900000|  0%| F|  |TAMS 0x0000000092800000| PB 0x0000000092800000| Untracked 
|  91|0x0000000092900000, 0x0000000092900000, 0x0000000092a00000|  0%| F|  |TAMS 0x0000000092900000| PB 0x0000000092900000| Untracked 
|  92|0x0000000092a00000, 0x0000000092a00000, 0x0000000092b00000|  0%| F|  |TAMS 0x0000000092a00000| PB 0x0000000092a00000| Untracked 
|  93|0x0000000092b00000, 0x0000000092b00000, 0x0000000092c00000|  0%| F|  |TAMS 0x0000000092b00000| PB 0x0000000092b00000| Untracked 
|  94|0x0000000092c00000, 0x0000000092c00000, 0x0000000092d00000|  0%| F|  |TAMS 0x0000000092c00000| PB 0x0000000092c00000| Untracked 
|  95|0x0000000092d00000, 0x0000000092d00000, 0x0000000092e00000|  0%| F|  |TAMS 0x0000000092d00000| PB 0x0000000092d00000| Untracked 
|  96|0x0000000092e00000, 0x0000000092e00000, 0x0000000092f00000|  0%| F|  |TAMS 0x0000000092e00000| PB 0x0000000092e00000| Untracked 
|  97|0x0000000092f00000, 0x0000000092f00000, 0x0000000093000000|  0%| F|  |TAMS 0x0000000092f00000| PB 0x0000000092f00000| Untracked 
|  98|0x0000000093000000, 0x0000000093000000, 0x0000000093100000|  0%| F|  |TAMS 0x0000000093000000| PB 0x0000000093000000| Untracked 
|  99|0x0000000093100000, 0x0000000093100000, 0x0000000093200000|  0%| F|  |TAMS 0x0000000093100000| PB 0x0000000093100000| Untracked 
| 100|0x0000000093200000, 0x0000000093200000, 0x0000000093300000|  0%| F|  |TAMS 0x0000000093200000| PB 0x0000000093200000| Untracked 
| 101|0x0000000093300000, 0x0000000093300000, 0x0000000093400000|  0%| F|  |TAMS 0x0000000093300000| PB 0x0000000093300000| Untracked 
| 102|0x0000000093400000, 0x0000000093400000, 0x0000000093500000|  0%| F|  |TAMS 0x0000000093400000| PB 0x0000000093400000| Untracked 
| 103|0x0000000093500000, 0x0000000093500000, 0x0000000093600000|  0%| F|  |TAMS 0x0000000093500000| PB 0x0000000093500000| Untracked 
| 104|0x0000000093600000, 0x0000000093600000, 0x0000000093700000|  0%| F|  |TAMS 0x0000000093600000| PB 0x0000000093600000| Untracked 
| 105|0x0000000093700000, 0x0000000093700000, 0x0000000093800000|  0%| F|  |TAMS 0x0000000093700000| PB 0x0000000093700000| Untracked 
| 106|0x0000000093800000, 0x0000000093800000, 0x0000000093900000|  0%| F|  |TAMS 0x0000000093800000| PB 0x0000000093800000| Untracked 
| 107|0x0000000093900000, 0x0000000093900000, 0x0000000093a00000|  0%| F|  |TAMS 0x0000000093900000| PB 0x0000000093900000| Untracked 
| 108|0x0000000093a00000, 0x0000000093a10300, 0x0000000093b00000|  6%| S|CS|TAMS 0x0000000093a00000| PB 0x0000000093a00000| Complete 
| 109|0x0000000093b00000, 0x0000000093b00000, 0x0000000093c00000|  0%| F|  |TAMS 0x0000000093b00000| PB 0x0000000093b00000| Untracked 
| 110|0x0000000093c00000, 0x0000000093d00000, 0x0000000093d00000|100%| S|CS|TAMS 0x0000000093c00000| PB 0x0000000093c00000| Complete 
| 111|0x0000000093d00000, 0x0000000093d00000, 0x0000000093e00000|  0%| F|  |TAMS 0x0000000093d00000| PB 0x0000000093d00000| Untracked 
| 112|0x0000000093e00000, 0x0000000093e00000, 0x0000000093f00000|  0%| F|  |TAMS 0x0000000093e00000| PB 0x0000000093e00000| Untracked 
| 113|0x0000000093f00000, 0x0000000093f00000, 0x0000000094000000|  0%| F|  |TAMS 0x0000000093f00000| PB 0x0000000093f00000| Untracked 
| 114|0x0000000094000000, 0x0000000094000000, 0x0000000094100000|  0%| F|  |TAMS 0x0000000094000000| PB 0x0000000094000000| Untracked 
| 115|0x0000000094100000, 0x0000000094100000, 0x0000000094200000|  0%| F|  |TAMS 0x0000000094100000| PB 0x0000000094100000| Untracked 
| 116|0x0000000094200000, 0x0000000094200000, 0x0000000094300000|  0%| F|  |TAMS 0x0000000094200000| PB 0x0000000094200000| Untracked 
| 117|0x0000000094300000, 0x0000000094300000, 0x0000000094400000|  0%| F|  |TAMS 0x0000000094300000| PB 0x0000000094300000| Untracked 
| 118|0x0000000094400000, 0x0000000094400000, 0x0000000094500000|  0%| F|  |TAMS 0x0000000094400000| PB 0x0000000094400000| Untracked 
| 119|0x0000000094500000, 0x0000000094500000, 0x0000000094600000|  0%| F|  |TAMS 0x0000000094500000| PB 0x0000000094500000| Untracked 
| 120|0x0000000094600000, 0x0000000094600000, 0x0000000094700000|  0%| F|  |TAMS 0x0000000094600000| PB 0x0000000094600000| Untracked 
| 121|0x0000000094700000, 0x0000000094700000, 0x0000000094800000|  0%| F|  |TAMS 0x0000000094700000| PB 0x0000000094700000| Untracked 
| 122|0x0000000094800000, 0x0000000094800000, 0x0000000094900000|  0%| F|  |TAMS 0x0000000094800000| PB 0x0000000094800000| Untracked 
| 123|0x0000000094900000, 0x0000000094900000, 0x0000000094a00000|  0%| F|  |TAMS 0x0000000094900000| PB 0x0000000094900000| Untracked 
| 124|0x0000000094a00000, 0x0000000094a00000, 0x0000000094b00000|  0%| F|  |TAMS 0x0000000094a00000| PB 0x0000000094a00000| Untracked 
| 125|0x0000000094b00000, 0x0000000094b00000, 0x0000000094c00000|  0%| F|  |TAMS 0x0000000094b00000| PB 0x0000000094b00000| Untracked 
| 126|0x0000000094c00000, 0x0000000094c00000, 0x0000000094d00000|  0%| F|  |TAMS 0x0000000094c00000| PB 0x0000000094c00000| Untracked 
| 127|0x0000000094d00000, 0x0000000094d00000, 0x0000000094e00000|  0%| F|  |TAMS 0x0000000094d00000| PB 0x0000000094d00000| Untracked 
| 128|0x0000000094e00000, 0x0000000094e00000, 0x0000000094f00000|  0%| F|  |TAMS 0x0000000094e00000| PB 0x0000000094e00000| Untracked 
| 129|0x0000000094f00000, 0x0000000094f00000, 0x0000000095000000|  0%| F|  |TAMS 0x0000000094f00000| PB 0x0000000094f00000| Untracked 
| 130|0x0000000095000000, 0x0000000095000000, 0x0000000095100000|  0%| F|  |TAMS 0x0000000095000000| PB 0x0000000095000000| Untracked 
| 131|0x0000000095100000, 0x0000000095100000, 0x0000000095200000|  0%| F|  |TAMS 0x0000000095100000| PB 0x0000000095100000| Untracked 
| 132|0x0000000095200000, 0x0000000095200000, 0x0000000095300000|  0%| F|  |TAMS 0x0000000095200000| PB 0x0000000095200000| Untracked 
| 133|0x0000000095300000, 0x0000000095300000, 0x0000000095400000|  0%| F|  |TAMS 0x0000000095300000| PB 0x0000000095300000| Untracked 
| 134|0x0000000095400000, 0x0000000095400000, 0x0000000095500000|  0%| F|  |TAMS 0x0000000095400000| PB 0x0000000095400000| Untracked 
| 135|0x0000000095500000, 0x0000000095500000, 0x0000000095600000|  0%| F|  |TAMS 0x0000000095500000| PB 0x0000000095500000| Untracked 
| 136|0x0000000095600000, 0x0000000095600000, 0x0000000095700000|  0%| F|  |TAMS 0x0000000095600000| PB 0x0000000095600000| Untracked 
| 137|0x0000000095700000, 0x000000009575fc28, 0x0000000095800000| 37%| E|  |TAMS 0x0000000095700000| PB 0x0000000095700000| Complete 
| 138|0x0000000095800000, 0x0000000095900000, 0x0000000095900000|100%| E|CS|TAMS 0x0000000095800000| PB 0x0000000095800000| Complete 
| 139|0x0000000095900000, 0x0000000095a00000, 0x0000000095a00000|100%| E|CS|TAMS 0x0000000095900000| PB 0x0000000095900000| Complete 
| 140|0x0000000095a00000, 0x0000000095b00000, 0x0000000095b00000|100%| E|CS|TAMS 0x0000000095a00000| PB 0x0000000095a00000| Complete 
| 141|0x0000000095b00000, 0x0000000095c00000, 0x0000000095c00000|100%| E|CS|TAMS 0x0000000095b00000| PB 0x0000000095b00000| Complete 
| 142|0x0000000095c00000, 0x0000000095d00000, 0x0000000095d00000|100%| E|CS|TAMS 0x0000000095c00000| PB 0x0000000095c00000| Complete 
| 143|0x0000000095d00000, 0x0000000095e00000, 0x0000000095e00000|100%| E|  |TAMS 0x0000000095d00000| PB 0x0000000095d00000| Complete 
| 144|0x0000000095e00000, 0x0000000095f00000, 0x0000000095f00000|100%| E|CS|TAMS 0x0000000095e00000| PB 0x0000000095e00000| Complete 
| 145|0x0000000095f00000, 0x0000000096000000, 0x0000000096000000|100%| E|CS|TAMS 0x0000000095f00000| PB 0x0000000095f00000| Complete 
| 146|0x0000000096000000, 0x0000000096100000, 0x0000000096100000|100%| E|CS|TAMS 0x0000000096000000| PB 0x0000000096000000| Complete 
| 147|0x0000000096100000, 0x0000000096200000, 0x0000000096200000|100%| E|CS|TAMS 0x0000000096100000| PB 0x0000000096100000| Complete 
| 148|0x0000000096200000, 0x0000000096300000, 0x0000000096300000|100%| E|CS|TAMS 0x0000000096200000| PB 0x0000000096200000| Complete 
| 149|0x0000000096300000, 0x0000000096400000, 0x0000000096400000|100%| E|CS|TAMS 0x0000000096300000| PB 0x0000000096300000| Complete 
| 150|0x0000000096400000, 0x0000000096500000, 0x0000000096500000|100%| E|CS|TAMS 0x0000000096400000| PB 0x0000000096400000| Complete 
| 151|0x0000000096500000, 0x0000000096600000, 0x0000000096600000|100%| E|CS|TAMS 0x0000000096500000| PB 0x0000000096500000| Complete 
| 152|0x0000000096600000, 0x0000000096700000, 0x0000000096700000|100%| E|CS|TAMS 0x0000000096600000| PB 0x0000000096600000| Complete 
| 153|0x0000000096700000, 0x0000000096800000, 0x0000000096800000|100%| E|CS|TAMS 0x0000000096700000| PB 0x0000000096700000| Complete 
| 154|0x0000000096800000, 0x0000000096900000, 0x0000000096900000|100%| E|CS|TAMS 0x0000000096800000| PB 0x0000000096800000| Complete 
| 155|0x0000000096900000, 0x0000000096a00000, 0x0000000096a00000|100%| E|CS|TAMS 0x0000000096900000| PB 0x0000000096900000| Complete 
| 156|0x0000000096a00000, 0x0000000096b00000, 0x0000000096b00000|100%| E|CS|TAMS 0x0000000096a00000| PB 0x0000000096a00000| Complete 
| 157|0x0000000096b00000, 0x0000000096c00000, 0x0000000096c00000|100%| E|CS|TAMS 0x0000000096b00000| PB 0x0000000096b00000| Complete 
| 158|0x0000000096c00000, 0x0000000096d00000, 0x0000000096d00000|100%| E|CS|TAMS 0x0000000096c00000| PB 0x0000000096c00000| Complete 
| 159|0x0000000096d00000, 0x0000000096e00000, 0x0000000096e00000|100%| E|CS|TAMS 0x0000000096d00000| PB 0x0000000096d00000| Complete 
| 160|0x0000000096e00000, 0x0000000096f00000, 0x0000000096f00000|100%| E|CS|TAMS 0x0000000096e00000| PB 0x0000000096e00000| Complete 
| 161|0x0000000096f00000, 0x0000000097000000, 0x0000000097000000|100%| E|CS|TAMS 0x0000000096f00000| PB 0x0000000096f00000| Complete 
| 162|0x0000000097000000, 0x0000000097100000, 0x0000000097100000|100%| E|CS|TAMS 0x0000000097000000| PB 0x0000000097000000| Complete 
| 163|0x0000000097100000, 0x0000000097200000, 0x0000000097200000|100%| E|CS|TAMS 0x0000000097100000| PB 0x0000000097100000| Complete 
| 164|0x0000000097200000, 0x0000000097300000, 0x0000000097300000|100%| E|CS|TAMS 0x0000000097200000| PB 0x0000000097200000| Complete 
| 165|0x0000000097300000, 0x0000000097400000, 0x0000000097400000|100%| E|CS|TAMS 0x0000000097300000| PB 0x0000000097300000| Complete 
| 166|0x0000000097400000, 0x0000000097500000, 0x0000000097500000|100%| E|CS|TAMS 0x0000000097400000| PB 0x0000000097400000| Complete 
| 167|0x0000000097500000, 0x0000000097600000, 0x0000000097600000|100%| E|CS|TAMS 0x0000000097500000| PB 0x0000000097500000| Complete 
| 168|0x0000000097600000, 0x0000000097700000, 0x0000000097700000|100%| E|CS|TAMS 0x0000000097600000| PB 0x0000000097600000| Complete 
| 169|0x0000000097700000, 0x0000000097800000, 0x0000000097800000|100%| E|CS|TAMS 0x0000000097700000| PB 0x0000000097700000| Complete 
| 170|0x0000000097800000, 0x0000000097900000, 0x0000000097900000|100%| E|CS|TAMS 0x0000000097800000| PB 0x0000000097800000| Complete 
| 171|0x0000000097900000, 0x0000000097a00000, 0x0000000097a00000|100%| E|CS|TAMS 0x0000000097900000| PB 0x0000000097900000| Complete 
| 172|0x0000000097a00000, 0x0000000097b00000, 0x0000000097b00000|100%| E|CS|TAMS 0x0000000097a00000| PB 0x0000000097a00000| Complete 
| 173|0x0000000097b00000, 0x0000000097c00000, 0x0000000097c00000|100%| E|CS|TAMS 0x0000000097b00000| PB 0x0000000097b00000| Complete 
| 174|0x0000000097c00000, 0x0000000097d00000, 0x0000000097d00000|100%| E|CS|TAMS 0x0000000097c00000| PB 0x0000000097c00000| Complete 
| 175|0x0000000097d00000, 0x0000000097e00000, 0x0000000097e00000|100%| E|CS|TAMS 0x0000000097d00000| PB 0x0000000097d00000| Complete 
| 176|0x0000000097e00000, 0x0000000097f00000, 0x0000000097f00000|100%| E|CS|TAMS 0x0000000097e00000| PB 0x0000000097e00000| Complete 
| 177|0x0000000097f00000, 0x0000000098000000, 0x0000000098000000|100%| E|CS|TAMS 0x0000000097f00000| PB 0x0000000097f00000| Complete 
| 178|0x0000000098000000, 0x0000000098100000, 0x0000000098100000|100%| E|CS|TAMS 0x0000000098000000| PB 0x0000000098000000| Complete 
| 179|0x0000000098100000, 0x0000000098200000, 0x0000000098200000|100%| E|CS|TAMS 0x0000000098100000| PB 0x0000000098100000| Complete 
| 180|0x0000000098200000, 0x0000000098300000, 0x0000000098300000|100%| E|CS|TAMS 0x0000000098200000| PB 0x0000000098200000| Complete 
| 181|0x0000000098300000, 0x0000000098400000, 0x0000000098400000|100%| E|CS|TAMS 0x0000000098300000| PB 0x0000000098300000| Complete 
| 182|0x0000000098400000, 0x0000000098500000, 0x0000000098500000|100%| E|CS|TAMS 0x0000000098400000| PB 0x0000000098400000| Complete 
| 183|0x0000000098500000, 0x0000000098600000, 0x0000000098600000|100%| E|CS|TAMS 0x0000000098500000| PB 0x0000000098500000| Complete 
| 184|0x0000000098600000, 0x0000000098700000, 0x0000000098700000|100%| E|CS|TAMS 0x0000000098600000| PB 0x0000000098600000| Complete 
| 185|0x0000000098700000, 0x0000000098800000, 0x0000000098800000|100%| E|CS|TAMS 0x0000000098700000| PB 0x0000000098700000| Complete 
| 186|0x0000000098800000, 0x0000000098900000, 0x0000000098900000|100%| E|CS|TAMS 0x0000000098800000| PB 0x0000000098800000| Complete 
| 187|0x0000000098900000, 0x0000000098a00000, 0x0000000098a00000|100%| E|CS|TAMS 0x0000000098900000| PB 0x0000000098900000| Complete 
| 188|0x0000000098a00000, 0x0000000098b00000, 0x0000000098b00000|100%| E|CS|TAMS 0x0000000098a00000| PB 0x0000000098a00000| Complete 
| 189|0x0000000098b00000, 0x0000000098c00000, 0x0000000098c00000|100%| E|CS|TAMS 0x0000000098b00000| PB 0x0000000098b00000| Complete 
| 190|0x0000000098c00000, 0x0000000098d00000, 0x0000000098d00000|100%| E|CS|TAMS 0x0000000098c00000| PB 0x0000000098c00000| Complete 
| 191|0x0000000098d00000, 0x0000000098e00000, 0x0000000098e00000|100%| E|CS|TAMS 0x0000000098d00000| PB 0x0000000098d00000| Complete 
| 192|0x0000000098e00000, 0x0000000098f00000, 0x0000000098f00000|100%| E|CS|TAMS 0x0000000098e00000| PB 0x0000000098e00000| Complete 
| 193|0x0000000098f00000, 0x0000000099000000, 0x0000000099000000|100%| E|CS|TAMS 0x0000000098f00000| PB 0x0000000098f00000| Complete 
| 194|0x0000000099000000, 0x0000000099100000, 0x0000000099100000|100%| E|CS|TAMS 0x0000000099000000| PB 0x0000000099000000| Complete 
| 195|0x0000000099100000, 0x0000000099200000, 0x0000000099200000|100%| E|CS|TAMS 0x0000000099100000| PB 0x0000000099100000| Complete 
| 196|0x0000000099200000, 0x0000000099300000, 0x0000000099300000|100%| E|CS|TAMS 0x0000000099200000| PB 0x0000000099200000| Complete 
| 197|0x0000000099300000, 0x0000000099400000, 0x0000000099400000|100%| E|CS|TAMS 0x0000000099300000| PB 0x0000000099300000| Complete 
| 198|0x0000000099400000, 0x0000000099500000, 0x0000000099500000|100%| E|CS|TAMS 0x0000000099400000| PB 0x0000000099400000| Complete 
| 199|0x0000000099500000, 0x0000000099600000, 0x0000000099600000|100%| E|CS|TAMS 0x0000000099500000| PB 0x0000000099500000| Complete 
| 200|0x0000000099600000, 0x0000000099700000, 0x0000000099700000|100%| E|CS|TAMS 0x0000000099600000| PB 0x0000000099600000| Complete 
| 201|0x0000000099700000, 0x0000000099800000, 0x0000000099800000|100%| E|CS|TAMS 0x0000000099700000| PB 0x0000000099700000| Complete 
| 202|0x0000000099800000, 0x0000000099900000, 0x0000000099900000|100%| E|CS|TAMS 0x0000000099800000| PB 0x0000000099800000| Complete 
| 203|0x0000000099900000, 0x0000000099a00000, 0x0000000099a00000|100%| E|CS|TAMS 0x0000000099900000| PB 0x0000000099900000| Complete 
| 204|0x0000000099a00000, 0x0000000099b00000, 0x0000000099b00000|100%| E|CS|TAMS 0x0000000099a00000| PB 0x0000000099a00000| Complete 
| 205|0x0000000099b00000, 0x0000000099c00000, 0x0000000099c00000|100%| E|CS|TAMS 0x0000000099b00000| PB 0x0000000099b00000| Complete 
| 206|0x0000000099c00000, 0x0000000099d00000, 0x0000000099d00000|100%| E|CS|TAMS 0x0000000099c00000| PB 0x0000000099c00000| Complete 
| 207|0x0000000099d00000, 0x0000000099e00000, 0x0000000099e00000|100%| E|CS|TAMS 0x0000000099d00000| PB 0x0000000099d00000| Complete 
| 208|0x0000000099e00000, 0x0000000099f00000, 0x0000000099f00000|100%| E|CS|TAMS 0x0000000099e00000| PB 0x0000000099e00000| Complete 
| 209|0x0000000099f00000, 0x000000009a000000, 0x000000009a000000|100%| E|CS|TAMS 0x0000000099f00000| PB 0x0000000099f00000| Complete 
| 210|0x000000009a000000, 0x000000009a100000, 0x000000009a100000|100%| E|CS|TAMS 0x000000009a000000| PB 0x000000009a000000| Complete 
| 211|0x000000009a100000, 0x000000009a200000, 0x000000009a200000|100%| E|CS|TAMS 0x000000009a100000| PB 0x000000009a100000| Complete 
| 212|0x000000009a200000, 0x000000009a300000, 0x000000009a300000|100%| E|CS|TAMS 0x000000009a200000| PB 0x000000009a200000| Complete 
| 213|0x000000009a300000, 0x000000009a400000, 0x000000009a400000|100%| E|CS|TAMS 0x000000009a300000| PB 0x000000009a300000| Complete 
| 214|0x000000009a400000, 0x000000009a500000, 0x000000009a500000|100%| E|CS|TAMS 0x000000009a400000| PB 0x000000009a400000| Complete 
| 215|0x000000009a500000, 0x000000009a600000, 0x000000009a600000|100%| E|CS|TAMS 0x000000009a500000| PB 0x000000009a500000| Complete 
| 216|0x000000009a600000, 0x000000009a700000, 0x000000009a700000|100%| E|CS|TAMS 0x000000009a600000| PB 0x000000009a600000| Complete 
| 217|0x000000009a700000, 0x000000009a800000, 0x000000009a800000|100%| E|CS|TAMS 0x000000009a700000| PB 0x000000009a700000| Complete 

Card table byte_map: [0x000001c17bac0000,0x000001c17be60000] _byte_map_base: 0x000001c17b659000

Marking Bits: (CMBitMap*) 0x000001c161c1b220
 Bits: [0x000001c17be60000, 0x000001c17db28000)

Polling page: 0x000001c161c90000

Metaspace:

Usage:
  Non-class:      8.15 MB used.
      Class:    951.99 KB used.
       Both:      9.08 MB used.

Virtual space:
  Non-class space:       64.00 MB reserved,       8.25 MB ( 13%) committed,  1 nodes.
      Class space:        1.00 GB reserved,       1.00 MB ( <1%) committed,  1 nodes.
             Both:        1.06 GB reserved,       9.25 MB ( <1%) committed. 

Chunk freelists:
   Non-Class:  7.00 MB
       Class:  15.01 MB
        Both:  22.01 MB

MaxMetaspaceSize: unlimited
CompressedClassSpaceSize: 1.00 GB
Initial GC threshold: 21.00 MB
Current GC threshold: 21.00 MB
CDS: on
 - commit_granule_bytes: 65536.
 - commit_granule_words: 8192.
 - virtual_space_node_default_size: 8388608.
 - enlarge_chunks_in_place: 1.
 - use_allocation_guard: 0.


Internal statistics:

num_allocs_failed_limit: 0.
num_arena_births: 162.
num_arena_deaths: 0.
num_vsnodes_births: 2.
num_vsnodes_deaths: 0.
num_space_committed: 148.
num_space_uncommitted: 0.
num_chunks_returned_to_freelist: 0.
num_chunks_taken_from_freelist: 222.
num_chunk_merges: 0.
num_chunk_splits: 127.
num_chunks_enlarged: 50.
num_inconsistent_stats: 0.

CodeHeap 'non-profiled nmethods': size=120000Kb used=1984Kb max_used=1984Kb free=118015Kb
 bounds [0x000001c173570000, 0x000001c1737e0000, 0x000001c17aaa0000]
CodeHeap 'profiled nmethods': size=120000Kb used=4394Kb max_used=4394Kb free=115606Kb
 bounds [0x000001c16baa0000, 0x000001c16bef0000, 0x000001c172fd0000]
CodeHeap 'non-nmethods': size=5760Kb used=1561Kb max_used=1618Kb free=4198Kb
 bounds [0x000001c172fd0000, 0x000001c173240000, 0x000001c173570000]
 total_blobs=3098 nmethods=2473 adapters=529
 compilation: enabled
              stopped_count=0, restarted_count=0
 full_count=0

Compilation events (20 events):
Event: 42.867 Thread 0x000001c100825800 nmethod 2596 0x000001c17375a710 code [0x000001c17375a8c0, 0x000001c17375abb8]
Event: 43.005 Thread 0x000001c100825800 2597       4       javax.swing.plaf.metal.OceanTheme::getPrimary2 (4 bytes)
Event: 43.007 Thread 0x000001c100825800 nmethod 2597 0x000001c17375ae10 code [0x000001c17375afa0, 0x000001c17375b030]
Event: 43.026 Thread 0x000001c100825800 2598       4       javax.swing.plaf.metal.OceanTheme::getPrimary3 (4 bytes)
Event: 43.027 Thread 0x000001c100825800 nmethod 2598 0x000001c17375b110 code [0x000001c17375b2a0, 0x000001c17375b330]
Event: 45.160 Thread 0x000001c100825800 2599       4       javax.swing.ArrayTable::get (80 bytes)
Event: 45.170 Thread 0x000001c100825800 nmethod 2599 0x000001c17375b410 code [0x000001c17375b5c0, 0x000001c17375b9f8]
Event: 46.162 Thread 0x000001c100825800 2600       4       javax.swing.TimerQueue$DelayedTimer::getDelay (16 bytes)
Event: 46.165 Thread 0x000001c100825800 nmethod 2600 0x000001c17375bc90 code [0x000001c17375be20, 0x000001c17375bf88]
Event: 47.045 Thread 0x000001c100825800 2601  s    4       javax.swing.RepaintManager::getPaintManager (107 bytes)
Event: 47.046 Thread 0x000001c100825800 nmethod 2601 0x000001c17375c090 code [0x000001c17375c220, 0x000001c17375c410]
Event: 47.099 Thread 0x000001c100825800 2602       4       sun.java2d.pipe.PixelToParallelogramConverter::drawLine (30 bytes)
Event: 47.101 Thread 0x000001c100825800 nmethod 2602 0x000001c17375c510 code [0x000001c17375c6a0, 0x000001c17375c7a8]
Event: 47.101 Thread 0x000001c100825800 2604       4       java.awt.geom.AffineTransform::deltaTransform (321 bytes)
Event: 47.111 Thread 0x000001c100825800 nmethod 2604 0x000001c17375c890 code [0x000001c17375ca20, 0x000001c17375cd28]
Event: 47.111 Thread 0x000001c100825800 2603       4       sun.java2d.pipe.PixelToParallelogramConverter::drawGeneralLine (641 bytes)
Event: 47.159 Thread 0x000001c100825800 nmethod 2603 0x000001c17375cf10 code [0x000001c17375d340, 0x000001c17375e858]
Event: 47.215 Thread 0x000001c100825800 2605       4       java.util.concurrent.locks.AbstractQueuedSynchronizer$ConditionObject::unlinkCancelledWaiters (91 bytes)
Event: 47.218 Thread 0x000001c100825800 nmethod 2605 0x000001c17375fb10 code [0x000001c17375fca0, 0x000001c17375ff90]
Event: 47.218 Thread 0x000001c100825800 2606       4       java.util.concurrent.locks.AbstractQueuedSynchronizer$ConditionObject::awaitNanos (207 bytes)

GC Heap History (12 events):
Event: 1.376 GC heap before
{Heap before GC invocations=0 (full 0):
 garbage-first heap   total 118784K, used 43008K [0x000000008ce00000, 0x0000000100000000)
  region size 1024K, 23 young (23552K), 0 survivors (0K)
 Metaspace       used 5071K, committed 5312K, reserved 1114112K
  class space    used 515K, committed 640K, reserved 1048576K
}
Event: 1.382 GC heap after
{Heap after GC invocations=1 (full 0):
 garbage-first heap   total 118784K, used 20480K [0x000000008ce00000, 0x0000000100000000)
  region size 1024K, 3 young (3072K), 3 survivors (3072K)
 Metaspace       used 5071K, committed 5312K, reserved 1114112K
  class space    used 515K, committed 640K, reserved 1048576K
}
Event: 2.255 GC heap before
{Heap before GC invocations=1 (full 0):
 garbage-first heap   total 118784K, used 88064K [0x000000008ce00000, 0x0000000100000000)
  region size 1024K, 35 young (35840K), 3 survivors (3072K)
 Metaspace       used 5141K, committed 5376K, reserved 1114112K
  class space    used 518K, committed 640K, reserved 1048576K
}
Event: 2.260 GC heap after
{Heap after GC invocations=2 (full 0):
 garbage-first heap   total 118784K, used 56563K [0x000000008ce00000, 0x0000000100000000)
  region size 1024K, 1 young (1024K), 1 survivors (1024K)
 Metaspace       used 5141K, committed 5376K, reserved 1114112K
  class space    used 518K, committed 640K, reserved 1048576K
}
Event: 2.280 GC heap before
{Heap before GC invocations=3 (full 0):
 garbage-first heap   total 118784K, used 60659K [0x000000008ce00000, 0x0000000100000000)
  region size 1024K, 4 young (4096K), 1 survivors (1024K)
 Metaspace       used 5141K, committed 5376K, reserved 1114112K
  class space    used 518K, committed 640K, reserved 1048576K
}
Event: 2.282 GC heap after
{Heap after GC invocations=4 (full 0):
 garbage-first heap   total 118784K, used 56192K [0x000000008ce00000, 0x0000000100000000)
  region size 1024K, 1 young (1024K), 1 survivors (1024K)
 Metaspace       used 5141K, committed 5376K, reserved 1114112K
  class space    used 518K, committed 640K, reserved 1048576K
}
Event: 2.732 GC heap before
{Heap before GC invocations=5 (full 0):
 garbage-first heap   total 118784K, used 65408K [0x000000008ce00000, 0x0000000100000000)
  region size 1024K, 5 young (5120K), 1 survivors (1024K)
 Metaspace       used 7893K, committed 8128K, reserved 1114112K
  class space    used 882K, committed 960K, reserved 1048576K
}
Event: 2.735 GC heap after
{Heap after GC invocations=6 (full 0):
 garbage-first heap   total 118784K, used 62785K [0x000000008ce00000, 0x0000000100000000)
  region size 1024K, 1 young (1024K), 1 survivors (1024K)
 Metaspace       used 7893K, committed 8128K, reserved 1114112K
  class space    used 882K, committed 960K, reserved 1048576K
}
Event: 2.881 GC heap before
{Heap before GC invocations=7 (full 0):
 garbage-first heap   total 118784K, used 66881K [0x000000008ce00000, 0x0000000100000000)
  region size 1024K, 5 young (5120K), 1 survivors (1024K)
 Metaspace       used 8115K, committed 8384K, reserved 1114112K
  class space    used 910K, committed 1024K, reserved 1048576K
}
Event: 2.883 GC heap after
{Heap after GC invocations=8 (full 0):
 garbage-first heap   total 118784K, used 64338K [0x000000008ce00000, 0x0000000100000000)
  region size 1024K, 2 young (2048K), 2 survivors (2048K)
 Metaspace       used 8115K, committed 8384K, reserved 1114112K
  class space    used 910K, committed 1024K, reserved 1048576K
}
Event: 3.863 GC heap before
{Heap before GC invocations=9 (full 0):
 garbage-first heap   total 118784K, used 68434K [0x000000008ce00000, 0x0000000100000000)
  region size 1024K, 6 young (6144K), 2 survivors (2048K)
 Metaspace       used 8430K, committed 8640K, reserved 1114112K
  class space    used 914K, committed 1024K, reserved 1048576K
}
Event: 3.866 GC heap after
{Heap after GC invocations=10 (full 0):
 garbage-first heap   total 223232K, used 65334K [0x000000008ce00000, 0x0000000100000000)
  region size 1024K, 2 young (2048K), 2 survivors (2048K)
 Metaspace       used 8430K, committed 8640K, reserved 1114112K
  class space    used 914K, committed 1024K, reserved 1048576K
}

Dll operation events (9 events):
Event: 0.017 Loaded shared library C:\Program Files\Eclipse Adoptium\jdk-21.0.2.13-hotspot\bin\java.dll
Event: 0.081 Loaded shared library C:\Program Files\Eclipse Adoptium\jdk-21.0.2.13-hotspot\bin\jsvml.dll
Event: 0.154 Loaded shared library C:\Program Files\Eclipse Adoptium\jdk-21.0.2.13-hotspot\bin\jimage.dll
Event: 0.188 Loaded shared library C:\Program Files\Eclipse Adoptium\jdk-21.0.2.13-hotspot\bin\awt.dll
Event: 0.715 Loaded shared library C:\Program Files\Eclipse Adoptium\jdk-21.0.2.13-hotspot\bin\zip.dll
Event: 2.369 Loaded shared library C:\Program Files\Eclipse Adoptium\jdk-21.0.2.13-hotspot\bin\freetype.dll
Event: 2.374 Loaded shared library C:\Program Files\Eclipse Adoptium\jdk-21.0.2.13-hotspot\bin\fontmanager.dll
Event: 2.419 Loaded shared library C:\Program Files\Eclipse Adoptium\jdk-21.0.2.13-hotspot\bin\net.dll
Event: 2.425 Loaded shared library C:\Program Files\Eclipse Adoptium\jdk-21.0.2.13-hotspot\bin\nio.dll

Deoptimization events (20 events):
Event: 21.044 Thread 0x000001c100aceeb0 Uncommon trap: trap_request=0xffffff45 fr.pc=0x000001c17361793c relative=0x00000000000002bc
Event: 21.044 Thread 0x000001c100aceeb0 Uncommon trap: reason=unstable_if action=reinterpret pc=0x000001c17361793c method=java.awt.geom.AffineTransform.updateState()V @ 95 c2
Event: 21.044 Thread 0x000001c100aceeb0 DEOPT PACKING pc=0x000001c17361793c sp=0x0000004081efe690
Event: 21.045 Thread 0x000001c100aceeb0 DEOPT UNPACKING pc=0x000001c1730246a2 sp=0x0000004081efe580 mode 2
Event: 21.045 Thread 0x000001c100aceeb0 Uncommon trap: trap_request=0xffffff45 fr.pc=0x000001c173678714 relative=0x00000000000001b4
Event: 21.045 Thread 0x000001c100aceeb0 Uncommon trap: reason=unstable_if action=reinterpret pc=0x000001c173678714 method=java.awt.geom.AffineTransform.updateState()V @ 95 c2
Event: 21.045 Thread 0x000001c100aceeb0 DEOPT PACKING pc=0x000001c173678714 sp=0x0000004081efe4a0
Event: 21.045 Thread 0x000001c100aceeb0 DEOPT UNPACKING pc=0x000001c1730246a2 sp=0x0000004081efe440 mode 2
Event: 26.150 Thread 0x000001c100aceeb0 Uncommon trap: trap_request=0xffffff45 fr.pc=0x000001c17365ec0c relative=0x0000000000003c0c
Event: 26.151 Thread 0x000001c100aceeb0 Uncommon trap: reason=unstable_if action=reinterpret pc=0x000001c17365ec0c method=java.awt.EventQueue.coalesceEvent(Ljava/awt/AWTEvent;I)Z @ 72 c2
Event: 26.152 Thread 0x000001c100aceeb0 DEOPT PACKING pc=0x000001c17365ec0c sp=0x0000004081eff200
Event: 26.153 Thread 0x000001c100aceeb0 DEOPT UNPACKING pc=0x000001c1730246a2 sp=0x0000004081eff068 mode 2
Event: 40.845 Thread 0x000001c1553376d0 Uncommon trap: trap_request=0xffffffcc fr.pc=0x000001c173755e94 relative=0x0000000000000254
Event: 40.845 Thread 0x000001c1553376d0 Uncommon trap: reason=intrinsic_or_type_checked_inlining action=make_not_entrant pc=0x000001c173755e94 method=java.util.Arrays.copyOf([Ljava/lang/Object;ILjava/lang/Class;)[Ljava/lang/Object; @ 35 c2
Event: 40.845 Thread 0x000001c1553376d0 DEOPT PACKING pc=0x000001c173755e94 sp=0x0000004081fff3e0
Event: 40.847 Thread 0x000001c1553376d0 DEOPT UNPACKING pc=0x000001c1730246a2 sp=0x0000004081fff370 mode 2
Event: 47.123 Thread 0x000001c100aceeb0 Uncommon trap: trap_request=0xffffff6e fr.pc=0x000001c17375ccb8 relative=0x0000000000000298
Event: 47.123 Thread 0x000001c100aceeb0 Uncommon trap: reason=loop_limit_check action=maybe_recompile pc=0x000001c17375ccb8 method=java.awt.geom.AffineTransform.deltaTransform([DI[DII)V @ 258 c2
Event: 47.123 Thread 0x000001c100aceeb0 DEOPT PACKING pc=0x000001c17375ccb8 sp=0x0000004081efe100
Event: 47.124 Thread 0x000001c100aceeb0 DEOPT UNPACKING pc=0x000001c1730246a2 sp=0x0000004081efe030 mode 2

Classes loaded (20 events):
Event: 13.993 Loading class sun/java2d/loops/GraphicsPrimitive$GeneralBinaryOp done
Event: 13.993 Loading class sun/java2d/loops/MaskBlit$General done
Event: 23.070 Loading class java/security/DomainCombiner
Event: 23.075 Loading class java/security/DomainCombiner done
Event: 26.184 Loading class sun/awt/DebugSettings
Event: 26.200 Loading class sun/awt/DebugSettings done
Event: 26.266 Loading class javax/swing/JComponent$KeyboardState
Event: 26.267 Loading class javax/swing/JComponent$KeyboardState done
Event: 26.267 Loading class javax/swing/JComponent$IntVector
Event: 26.268 Loading class javax/swing/JComponent$IntVector done
Event: 26.269 Loading class javax/swing/KeyboardManager
Event: 26.275 Loading class javax/swing/KeyboardManager done
Event: 26.276 Loading class javax/swing/Popup$HeavyWeightWindow
Event: 26.277 Loading class sun/awt/ModalExclude
Event: 26.277 Loading class sun/awt/ModalExclude done
Event: 26.277 Loading class javax/swing/JWindow
Event: 26.286 Loading class javax/swing/JWindow done
Event: 26.290 Loading class javax/swing/Popup$HeavyWeightWindow done
Event: 26.687 Loading class java/awt/LightweightDispatcher$2
Event: 26.688 Loading class java/awt/LightweightDispatcher$2 done

Classes unloaded (0 events):
No events

Classes redefined (0 events):
No events

Internal exceptions (20 events):
Event: 1.048 Thread 0x000001c100ace190 Exception <a 'java/lang/InterruptedException'{0x00000000935d7d00}: sleep interrupted> (0x00000000935d7d00) 
thrown [s\src\hotspot\share\prims\jvm.cpp, line 3052]
Event: 1.051 Thread 0x000001c100ad08f0 Exception <a 'java/lang/InterruptedException'{0x000000009342b720}: sleep interrupted> (0x000000009342b720) 
thrown [s\src\hotspot\share\prims\jvm.cpp, line 3052]
Event: 1.112 Thread 0x000001c100ad08f0 Exception <a 'java/lang/InterruptedException'{0x000000009329d5b8}: sleep interrupted> (0x000000009329d5b8) 
thrown [s\src\hotspot\share\prims\jvm.cpp, line 3052]
Event: 2.223 Thread 0x000001c100ace190 Exception <a 'java/lang/InterruptedException'{0x0000000091f10998}: sleep interrupted> (0x0000000091f10998) 
thrown [s\src\hotspot\share\prims\jvm.cpp, line 3052]
Event: 2.228 Thread 0x000001c100ad08f0 Exception <a 'java/lang/InterruptedException'{0x00000000920e34a8}: sleep interrupted> (0x00000000920e34a8) 
thrown [s\src\hotspot\share\prims\jvm.cpp, line 3052]
Event: 2.231 Thread 0x000001c100ace190 Exception <a 'java/lang/InterruptedException'{0x0000000091f1bc20}: sleep interrupted> (0x0000000091f1bc20) 
thrown [s\src\hotspot\share\prims\jvm.cpp, line 3052]
Event: 2.234 Thread 0x000001c100ad08f0 Exception <a 'java/lang/InterruptedException'{0x00000000920efd98}: sleep interrupted> (0x00000000920efd98) 
thrown [s\src\hotspot\share\prims\jvm.cpp, line 3052]
Event: 2.236 Thread 0x000001c100ace190 Exception <a 'java/lang/InterruptedException'{0x0000000091f28908}: sleep interrupted> (0x0000000091f28908) 
thrown [s\src\hotspot\share\prims\jvm.cpp, line 3052]
Event: 2.240 Thread 0x000001c100ad08f0 Exception <a 'java/lang/InterruptedException'{0x00000000920fce38}: sleep interrupted> (0x00000000920fce38) 
thrown [s\src\hotspot\share\prims\jvm.cpp, line 3052]
Event: 2.245 Thread 0x000001c100ace190 Exception <a 'java/lang/InterruptedException'{0x0000000091f35db0}: sleep interrupted> (0x0000000091f35db0) 
thrown [s\src\hotspot\share\prims\jvm.cpp, line 3052]
Event: 2.248 Thread 0x000001c100ad08f0 Exception <a 'java/lang/InterruptedException'{0x0000000091f5f468}: sleep interrupted> (0x0000000091f5f468) 
thrown [s\src\hotspot\share\prims\jvm.cpp, line 3052]
Event: 2.250 Thread 0x000001c100ace190 Exception <a 'java/lang/InterruptedException'{0x0000000091f3e6b0}: sleep interrupted> (0x0000000091f3e6b0) 
thrown [s\src\hotspot\share\prims\jvm.cpp, line 3052]
Event: 2.280 Thread 0x000001c100ad08f0 Exception <a 'java/lang/InterruptedException'{0x0000000093f46748}: sleep interrupted> (0x0000000093f46748) 
thrown [s\src\hotspot\share\prims\jvm.cpp, line 3052]
Event: 2.518 Thread 0x000001c16192eba0 Exception <a 'java/lang/NoSuchMethodError'{0x0000000093f858c0}: 'void java.lang.invoke.DirectMethodHandle$Holder.invokeStatic(java.lang.Object, java.lang.Object)'> (0x0000000093f858c0) 
thrown [s\src\hotspot\share\interpreter\linkResolver.cpp, line 773]
Event: 2.544 Thread 0x000001c100ad0260 Exception <a 'java/lang/NoSuchMethodError'{0x0000000093fe8a30}: 'void java.lang.invoke.DirectMethodHandle$Holder.invokeVirtual(java.lang.Object, java.lang.Object)'> (0x0000000093fe8a30) 
thrown [s\src\hotspot\share\interpreter\linkResolver.cpp, line 773]
Event: 2.568 Thread 0x000001c16192eba0 Exception <a 'java/lang/NoSuchMethodError'{0x0000000093fa4e18}: 'void java.lang.invoke.DirectMethodHandle$Holder.invokeStaticInit(java.lang.Object)'> (0x0000000093fa4e18) 
thrown [s\src\hotspot\share\interpreter\linkResolver.cpp, line 773]
Event: 2.880 Thread 0x000001c155336320 Implicit null exception at 0x000001c1735ba168 to 0x000001c1735baea8
Event: 9.568 Thread 0x000001c100ad08f0 Implicit null exception at 0x000001c173623bd8 to 0x000001c17362790c
Event: 9.591 Thread 0x000001c100ad08f0 Implicit null exception at 0x000001c173623bd8 to 0x000001c17362790c
Event: 13.976 Thread 0x000001c100aceeb0 Implicit null exception at 0x000001c173657328 to 0x000001c1736575e4

ZGC Phase Switch (0 events):
No events

VM Operations (20 events):
Event: 28.075 Executing VM operation: Cleanup
Event: 28.075 Executing VM operation: Cleanup done
Event: 29.083 Executing VM operation: Cleanup
Event: 29.083 Executing VM operation: Cleanup done
Event: 30.097 Executing VM operation: Cleanup
Event: 30.098 Executing VM operation: Cleanup done
Event: 32.112 Executing VM operation: Cleanup
Event: 32.112 Executing VM operation: Cleanup done
Event: 34.122 Executing VM operation: Cleanup
Event: 34.122 Executing VM operation: Cleanup done
Event: 36.142 Executing VM operation: Cleanup
Event: 36.142 Executing VM operation: Cleanup done
Event: 38.149 Executing VM operation: Cleanup
Event: 38.149 Executing VM operation: Cleanup done
Event: 42.168 Executing VM operation: Cleanup
Event: 42.168 Executing VM operation: Cleanup done
Event: 43.171 Executing VM operation: Cleanup
Event: 43.171 Executing VM operation: Cleanup done
Event: 46.192 Executing VM operation: Cleanup
Event: 46.193 Executing VM operation: Cleanup done

Events (20 events):
Event: 2.887 Thread 0x000001c16190a8c0 flushing nmethod 0x000001c16bab6790
Event: 2.887 Thread 0x000001c16190a8c0 flushing nmethod 0x000001c16bab6010
Event: 2.887 Thread 0x000001c16190a8c0 flushing nmethod 0x000001c16baa8510
Event: 2.887 Thread 0x000001c16190a8c0 flushing nmethod 0x000001c16bac2510
Event: 2.887 Thread 0x000001c16190a8c0 flushing nmethod 0x000001c16bac1d10
Event: 2.887 Thread 0x000001c16190a8c0 flushing nmethod 0x000001c16bab2b90
Event: 2.887 Thread 0x000001c16190a8c0 flushing nmethod 0x000001c1735bf910
Event: 2.887 Thread 0x000001c16190a8c0 flushing nmethod 0x000001c1735a8b90
Event: 2.887 Thread 0x000001c16190a8c0 flushing nmethod 0x000001c173596a10
Event: 2.887 Thread 0x000001c16190a8c0 flushing nmethod 0x000001c173570010
Event: 3.096 Thread 0x000001c10082b420 Thread exited: 0x000001c10082b420
Event: 4.078 Thread 0x000001c10082b420 Thread added: 0x000001c10082b420
Event: 4.554 Thread 0x000001c10082b420 Thread exited: 0x000001c10082b420
Event: 6.675 Thread 0x000001c10082b420 Thread added: 0x000001c10082b420
Event: 7.187 Thread 0x000001c10082b420 Thread exited: 0x000001c10082b420
Event: 8.007 Thread 0x000001c155336320 Thread exited: 0x000001c155336320
Event: 8.892 Thread 0x000001c100ace190 Thread exited: 0x000001c100ace190
Event: 10.819 Thread 0x000001c10082b420 Thread added: 0x000001c10082b420
Event: 11.227 Thread 0x000001c10082b420 Thread exited: 0x000001c10082b420
Event: 14.616 Thread 0x000001c100ad08f0 Thread exited: 0x000001c100ad08f0


Dynamic libraries:
0x00007ff6d8170000 - 0x00007ff6d817e000 	C:\Program Files\Eclipse Adoptium\jdk-21.0.2.13-hotspot\bin\java.exe
0x00007ff8e1e10000 - 0x00007ff8e2026000 	C:\Windows\SYSTEM32\ntdll.dll
0x00007ff8e0330000 - 0x00007ff8e03f4000 	C:\Windows\System32\KERNEL32.DLL
0x00007ff8df270000 - 0x00007ff8df617000 	C:\Windows\System32\KERNELBASE.dll
0x00007ff8df6c0000 - 0x00007ff8df7d1000 	C:\Windows\System32\ucrtbase.dll
0x00007ff8d3dc0000 - 0x00007ff8d3ddb000 	C:\Program Files\Eclipse Adoptium\jdk-21.0.2.13-hotspot\bin\VCRUNTIME140.dll
0x00007ff8d5800000 - 0x00007ff8d5818000 	C:\Program Files\Eclipse Adoptium\jdk-21.0.2.13-hotspot\bin\jli.dll
0x00007ff8e18a0000 - 0x00007ff8e1a4e000 	C:\Windows\System32\USER32.dll
0x00007ff8c9830000 - 0x00007ff8c9ac3000 	C:\Windows\WinSxS\amd64_microsoft.windows.common-controls_6595b64144ccf1df_6.0.22621.3235_none_270f74e173860f98\COMCTL32.dll
0x00007ff8dfb10000 - 0x00007ff8dfb36000 	C:\Windows\System32\win32u.dll
0x00007ff8e1da0000 - 0x00007ff8e1dc9000 	C:\Windows\System32\GDI32.dll
0x00007ff8e0170000 - 0x00007ff8e0217000 	C:\Windows\System32\msvcrt.dll
0x00007ff8df9f0000 - 0x00007ff8dfb09000 	C:\Windows\System32\gdi32full.dll
0x00007ff8df620000 - 0x00007ff8df6ba000 	C:\Windows\System32\msvcp_win.dll
0x00007ff8e0120000 - 0x00007ff8e0151000 	C:\Windows\System32\IMM32.DLL
0x00007ff8cd510000 - 0x00007ff8cd51c000 	C:\Program Files\Eclipse Adoptium\jdk-21.0.2.13-hotspot\bin\vcruntime140_1.dll
0x00007ff8aa080000 - 0x00007ff8aa10e000 	C:\Program Files\Eclipse Adoptium\jdk-21.0.2.13-hotspot\bin\msvcp140.dll
0x00007fffedf00000 - 0x00007fffeec83000 	C:\Program Files\Eclipse Adoptium\jdk-21.0.2.13-hotspot\bin\server\jvm.dll
0x00007ff8e1a50000 - 0x00007ff8e1b02000 	C:\Windows\System32\ADVAPI32.dll
0x00007ff8e17e0000 - 0x00007ff8e1888000 	C:\Windows\System32\sechost.dll
0x00007ff8df7e0000 - 0x00007ff8df808000 	C:\Windows\System32\bcrypt.dll
0x00007ff8e16c0000 - 0x00007ff8e17d5000 	C:\Windows\System32\RPCRT4.dll
0x00007ff8e1d20000 - 0x00007ff8e1d91000 	C:\Windows\System32\WS2_32.dll
0x00007ff8d8e20000 - 0x00007ff8d8e54000 	C:\Windows\SYSTEM32\WINMM.dll
0x00007ff8d8030000 - 0x00007ff8d803a000 	C:\Windows\SYSTEM32\VERSION.dll
0x00007ff8ddfa0000 - 0x00007ff8ddfed000 	C:\Windows\SYSTEM32\POWRPROF.dll
0x00007ff8ddf80000 - 0x00007ff8ddf93000 	C:\Windows\SYSTEM32\UMPDC.dll
0x00007ff8de1d0000 - 0x00007ff8de1e8000 	C:\Windows\SYSTEM32\kernel.appcore.dll
0x00007ff8cd390000 - 0x00007ff8cd39a000 	C:\Program Files\Eclipse Adoptium\jdk-21.0.2.13-hotspot\bin\jimage.dll
0x00007ff8d5560000 - 0x00007ff8d5793000 	C:\Windows\SYSTEM32\DBGHELP.DLL
0x00007ff8e0660000 - 0x00007ff8e09e8000 	C:\Windows\System32\combase.dll
0x00007ff8dfba0000 - 0x00007ff8dfc77000 	C:\Windows\System32\OLEAUT32.dll
0x00007ff8d5ca0000 - 0x00007ff8d5cd2000 	C:\Windows\SYSTEM32\dbgcore.DLL
0x00007ff8df1f0000 - 0x00007ff8df269000 	C:\Windows\System32\bcryptPrimitives.dll
0x00007ff8c5ac0000 - 0x00007ff8c5adf000 	C:\Program Files\Eclipse Adoptium\jdk-21.0.2.13-hotspot\bin\java.dll
0x00007ff8e0ca0000 - 0x00007ff8e14fc000 	C:\Windows\System32\SHELL32.dll
0x00007ff8dd070000 - 0x00007ff8dd969000 	C:\Windows\SYSTEM32\windows.storage.dll
0x00007ff8dcf30000 - 0x00007ff8dd06e000 	C:\Windows\SYSTEM32\wintypes.dll
0x00007ff8e0400000 - 0x00007ff8e04f3000 	C:\Windows\System32\SHCORE.dll
0x00007ff8e1cc0000 - 0x00007ff8e1d1e000 	C:\Windows\System32\shlwapi.dll
0x00007ff8df060000 - 0x00007ff8df081000 	C:\Windows\SYSTEM32\profapi.dll
0x00007ff8a14b0000 - 0x00007ff8a1587000 	C:\Program Files\Eclipse Adoptium\jdk-21.0.2.13-hotspot\bin\jsvml.dll
0x00007ff8098b0000 - 0x00007ff809a3d000 	C:\Program Files\Eclipse Adoptium\jdk-21.0.2.13-hotspot\bin\awt.dll
0x00007ff8dc490000 - 0x00007ff8dc527000 	C:\Windows\SYSTEM32\apphelp.dll
0x00007ff8dc810000 - 0x00007ff8dc83b000 	C:\Windows\system32\DWMAPI.DLL
0x00007ff8dc590000 - 0x00007ff8dc63b000 	C:\Windows\system32\uxtheme.dll
0x00007ff8a51a0000 - 0x00007ff8a52a0000 	C:\Windows\system32\opengl32.dll
0x00007ff8b3480000 - 0x00007ff8b34ad000 	C:\Windows\SYSTEM32\GLU32.dll
0x00007ff8dc880000 - 0x00007ff8dc8b9000 	C:\Windows\SYSTEM32\dxcore.dll
0x00007ff8e0500000 - 0x00007ff8e0653000 	C:\Windows\System32\MSCTF.dll
0x00007ff8e1b10000 - 0x00007ff8e1cb5000 	C:\Windows\System32\ole32.dll
0x00007ff8b0680000 - 0x00007ff8b0829000 	C:\Windows\system32\d3d9.dll
0x00007ff8d0a00000 - 0x00007ff8d0bbb000 	C:\Windows\System32\DriverStore\FileRepository\u0383736.inf_amd64_a87ecf0965da08fe\B383240\aticfx64.dll
0x00007ff852640000 - 0x00007ff85440f000 	C:\Windows\System32\DriverStore\FileRepository\u0383736.inf_amd64_a87ecf0965da08fe\B383240\amdxn64.dll
0x00007ff8dfc80000 - 0x00007ff8e00f4000 	C:\Windows\System32\SETUPAPI.dll
0x00007ff8dc700000 - 0x00007ff8dc7f8000 	C:\Windows\SYSTEM32\dxgi.dll
0x00007ff8d2070000 - 0x00007ff8d20a5000 	C:\Windows\SYSTEM32\amdihk64.dll
0x00007ff8d7d10000 - 0x00007ff8d7d5a000 	C:\Windows\SYSTEM32\directxdatabasehelper.dll
0x00007ff8c5aa0000 - 0x00007ff8c5ab8000 	C:\Program Files\Eclipse Adoptium\jdk-21.0.2.13-hotspot\bin\zip.dll
0x00007ff89e830000 - 0x00007ff89e8b7000 	C:\Program Files\Eclipse Adoptium\jdk-21.0.2.13-hotspot\bin\freetype.dll
0x00007ff8097c0000 - 0x00007ff8098a2000 	C:\Program Files\Eclipse Adoptium\jdk-21.0.2.13-hotspot\bin\fontmanager.dll
0x00007ff8c7930000 - 0x00007ff8c7940000 	C:\Program Files\Eclipse Adoptium\jdk-21.0.2.13-hotspot\bin\net.dll
0x00007ff8da540000 - 0x00007ff8da676000 	C:\Windows\SYSTEM32\WINHTTP.dll
0x00007ff8de6a0000 - 0x00007ff8de709000 	C:\Windows\system32\mswsock.dll
0x00007ff8c5a80000 - 0x00007ff8c5a96000 	C:\Program Files\Eclipse Adoptium\jdk-21.0.2.13-hotspot\bin\nio.dll
0x00007ff8cace0000 - 0x00007ff8cae2a000 	C:\Windows\SYSTEM32\textinputframework.dll
0x00007ff8dc190000 - 0x00007ff8dc2c4000 	C:\Windows\SYSTEM32\CoreMessaging.dll
0x00007ff8d20f0000 - 0x00007ff8d245c000 	C:\Windows\SYSTEM32\CoreUIComponents.dll
0x00007ff8de8d0000 - 0x00007ff8de8dc000 	C:\Windows\SYSTEM32\CRYPTBASE.DLL

dbghelp: loaded successfully - version: 4.0.5 - missing functions: none
symbol engine: initialized successfully - sym options: 0x614 - pdb path: .;C:\Program Files\Eclipse Adoptium\jdk-21.0.2.13-hotspot\bin;C:\Windows\SYSTEM32;C:\Windows\WinSxS\amd64_microsoft.windows.common-controls_6595b64144ccf1df_6.0.22621.3235_none_270f74e173860f98;C:\Program Files\Eclipse Adoptium\jdk-21.0.2.13-hotspot\bin\server;C:\Windows\System32\DriverStore\FileRepository\u0383736.inf_amd64_a87ecf0965da08fe\B383240

VM Arguments:
jvm_args: --enable-preview -XX:+ShowCodeDetailsInExceptionMessages 
java_command: Main
java_class_path (initial): C:\Users\Sean\AppData\Roaming\Code\User\workspaceStorage\229f97074c818cd1cd3de060c2b3fc20\redhat.java\jdt_ws\OceanWar2077_891e6b93\bin
Launcher Type: SUN_STANDARD

[Global flags]
     intx CICompilerCount                          = 4                                         {product} {ergonomic}
     uint ConcGCThreads                            = 3                                         {product} {ergonomic}
     uint G1ConcRefinementThreads                  = 10                                        {product} {ergonomic}
   size_t G1HeapRegionSize                         = 1048576                                   {product} {ergonomic}
    uintx GCDrainStackTargetSize                   = 64                                        {product} {ergonomic}
   size_t InitialHeapSize                          = 121634816                                 {product} {ergonomic}
   size_t MarkStackSize                            = 4194304                                   {product} {ergonomic}
   size_t MaxHeapSize                              = 1931476992                                {product} {ergonomic}
   size_t MaxNewSize                               = 1158676480                                {product} {ergonomic}
   size_t MinHeapDeltaBytes                        = 1048576                                   {product} {ergonomic}
   size_t MinHeapSize                              = 8388608                                   {product} {ergonomic}
    uintx NonNMethodCodeHeapSize                   = 5839372                                {pd product} {ergonomic}
    uintx NonProfiledCodeHeapSize                  = 122909434                              {pd product} {ergonomic}
    uintx ProfiledCodeHeapSize                     = 122909434                              {pd product} {ergonomic}
    uintx ReservedCodeCacheSize                    = 251658240                              {pd product} {ergonomic}
     bool SegmentedCodeCache                       = true                                      {product} {ergonomic}
     bool ShowCodeDetailsInExceptionMessages       = true                                   {manageable} {command line}
   size_t SoftMaxHeapSize                          = 1931476992                             {manageable} {ergonomic}
     bool UseCompressedOops                        = true                           {product lp64_product} {ergonomic}
     bool UseG1GC                                  = true                                      {product} {ergonomic}
     bool UseLargePagesIndividualAllocation        = false                                  {pd product} {ergonomic}

Logging:
Log output configuration:
 #0: stdout all=warning uptime,level,tags foldmultilines=false
 #1: stderr all=off uptime,level,tags foldmultilines=false

Environment Variables:
CLASSPATH=.;C:\Program Files (x86)\QuickTime\QTSystem\QTJava.zip
PATH=C:\Program Files\Eclipse Adoptium\jdk-21.0.2.13-hotspot\bin;C:\Program Files\Common Files\Oracle\Java\javapath;C:\Program Files (x86)\Common Files\Oracle\Java\javapath;C:\Windows\system32;C:\Windows;C:\Windows\System32\Wbem;C:\Windows\System32\WindowsPowerShell\v1.0\;C:\Windows\System32\OpenSSH\;C:\Program Files (x86)\NVIDIA Corporation\PhysX\Common;C:\Program Files\NVIDIA Corporation\NVIDIA NvDLISR;C:\Program Files (x86)\QuickTime\QTSystem\;D:\Git\cmd;C:\Users\Sean\AppData\Local\Microsoft\WindowsApps;C:\Users\Sean\AppData\Local\GitHubDesktop\bin;C:\Users\Sean\AppData\Local\gitkraken\bin;D:\Microsoft VS Code\bin
USERNAME=Sean
LANG=en_US.UTF-8
OS=Windows_NT
PROCESSOR_IDENTIFIER=AMD64 Family 25 Model 68 Stepping 1, AuthenticAMD
TMP=C:\Users\Sean\AppData\Local\Temp
TEMP=C:\Users\Sean\AppData\Local\Temp




Periodic native trim disabled

---------------  S Y S T E M  ---------------

OS:
 Windows 11 , 64 bit Build 22621 (10.0.22621.3374)
OS uptime: 1 days 5:55 hours
Hyper-V role detected

CPU: total 12 (initial active 12) (12 cores per cpu, 2 threads per core) family 25 model 68 stepping 1 microcode 0x0, cx8, cmov, fxsr, ht, mmx, 3dnowpref, sse, sse2, sse3, ssse3, sse4a, sse4.1, sse4.2, popcnt, lzcnt, tsc, tscinvbit, avx, avx2, aes, erms, clmul, bmi1, bmi2, adx, sha, fma, vzeroupper, clflush, clflushopt, hv, rdtscp, rdpid, fsrm, f16c, cet_ss
Processor Information for processor 0
  Max Mhz: 3301, Current Mhz: 2008, Mhz Limit: 3301
Processor Information for processor 1
  Max Mhz: 3301, Current Mhz: 3301, Mhz Limit: 3301
Processor Information for processor 2
  Max Mhz: 3301, Current Mhz: 3301, Mhz Limit: 3301
Processor Information for processor 3
  Max Mhz: 3301, Current Mhz: 2008, Mhz Limit: 3301
Processor Information for processor 4
  Max Mhz: 3301, Current Mhz: 3301, Mhz Limit: 3301
Processor Information for processor 5
  Max Mhz: 3301, Current Mhz: 3301, Mhz Limit: 3301
Processor Information for processor 6
  Max Mhz: 3301, Current Mhz: 3301, Mhz Limit: 3301
Processor Information for processor 7
  Max Mhz: 3301, Current Mhz: 3301, Mhz Limit: 3301
Processor Information for processor 8
  Max Mhz: 3301, Current Mhz: 3301, Mhz Limit: 3301
Processor Information for processor 9
  Max Mhz: 3301, Current Mhz: 2008, Mhz Limit: 3301
Processor Information for processor 10
  Max Mhz: 3301, Current Mhz: 3301, Mhz Limit: 3301
Processor Information for processor 11
  Max Mhz: 3301, Current Mhz: 2008, Mhz Limit: 3301

Memory: 4k page, system-wide physical 7365M (66M free)
TotalPageFile size 27790M (AvailPageFile size 2M)
current process WorkingSet (physical memory assigned to process): 451M, peak: 524M
current process commit charge ("private bytes"): 3034M, peak: 3049M

vm_info: OpenJDK 64-Bit Server VM (21.0.2+13-LTS) for windows-amd64 JRE (21.0.2+13-LTS), built on 2024-01-16T00:00:00Z by "admin" with unknown MS VC++:1937

END.
